DEPRECATION WARNING: Support for Node.JS < v0.6 will be canceled in the next minor release.
info: socket.io started
Executing: SELECT * FROM `user` WHERE `username`='admin' AND `password`='Pass' LIMIT 1;
     SELECT moe.*, ot.number AS ot_number, ot.equipment_id AS tag_id,            e.name AS tag, ott.name AS ottask     FROM materialorderelement moe     INNER JOIN materialorder mo ON  moe.materialorder_id = mo.id     LEFT JOIN ot ON mo.ot_id = ot.id     LEFT JOIN equipment e ON ot.equipment_id = e.id     LEFT JOIN ottask ott ON mo.ottask_id = ott.id     WHERE mo.deleted_at IS NULL AND mo.history IS NULL and mo.provider = 'Coopertei'    ORDER BY mo.date DESC     
{ arrivaldate: '08/07/2016' }
Executing: SELECT * FROM `materialorderelement` WHERE `id`='2051' LIMIT 1;
Executing: UPDATE `materialorderelement` SET `name`='MB 12',`quantity`=2,`arrived`=NULL,`id`=2051,`created_at`='2015-05-20 09:53:34',`updated_at`='2015-05-20 09:53:34',`deleted_at`=NULL,`materialorder_id`=565,`materialcategory_id`=55,`unit_id`=1,`arrivaldate`='2016-07-08' WHERE `id`=2051
     SELECT moe.*, ot.number AS ot_number, ot.equipment_id AS tag_id,            e.name AS tag, ott.name AS ottask     FROM materialorderelement moe     INNER JOIN materialorder mo ON  moe.materialorder_id = mo.id     LEFT JOIN ot ON mo.ot_id = ot.id     LEFT JOIN equipment e ON ot.equipment_id = e.id     LEFT JOIN ottask ott ON mo.ottask_id = ott.id     WHERE mo.deleted_at IS NULL AND mo.history IS NULL and mo.provider = 'Coopertei'    ORDER BY mo.date DESC     
{ arrivaldate: '07/07/2016' }
Executing: SELECT * FROM `materialorderelement` WHERE `id`='2052' LIMIT 1;
Executing: UPDATE `materialorderelement` SET `name`='SAV 6759',`quantity`=4,`arrived`=NULL,`id`=2052,`created_at`='2015-05-20 09:53:34',`updated_at`='2015-05-20 09:53:34',`deleted_at`=NULL,`materialorder_id`=565,`materialcategory_id`=12,`unit_id`=1,`arrivaldate`='2016-07-07' WHERE `id`=2052
     SELECT moe.*, ot.number AS ot_number, ot.equipment_id AS tag_id,            e.name AS tag, ott.name AS ottask     FROM materialorderelement moe     INNER JOIN materialorder mo ON  moe.materialorder_id = mo.id     LEFT JOIN ot ON mo.ot_id = ot.id     LEFT JOIN equipment e ON ot.equipment_id = e.id     LEFT JOIN ottask ott ON mo.ottask_id = ott.id     WHERE mo.deleted_at IS NULL AND mo.history IS NULL and mo.provider = 'Coopertei'    ORDER BY mo.date DESC     
{ arrivaldate: '08/07/2016' }
Executing: SELECT * FROM `materialorderelement` WHERE `id`='2642' LIMIT 1;
Executing: UPDATE `materialorderelement` SET `name`='6018 Z',`quantity`=2,`arrived`=true,`id`=2642,`created_at`='2015-08-12 13:33:20',`updated_at`='2015-08-20 09:04:41',`deleted_at`=NULL,`materialorder_id`=655,`materialcategory_id`=1,`unit_id`=1,`arrivaldate`='2016-07-08' WHERE `id`=2642
     SELECT moe.*, ot.number AS ot_number, ot.equipment_id AS tag_id,            e.name AS tag, ott.name AS ottask     FROM materialorderelement moe     INNER JOIN materialorder mo ON  moe.materialorder_id = mo.id     LEFT JOIN ot ON mo.ot_id = ot.id     LEFT JOIN equipment e ON ot.equipment_id = e.id     LEFT JOIN ottask ott ON mo.ottask_id = ott.id     WHERE mo.deleted_at IS NULL AND mo.history IS NULL and mo.provider = 'Coopertei'    ORDER BY mo.date DESC     
{ arrivaldate: '10/7/2016' }
Executing: SELECT * FROM `materialorderelement` WHERE `id`='2643' LIMIT 1;
Executing: UPDATE `materialorderelement` SET `name`='6022 ZZ C3',`quantity`=2,`arrived`=true,`id`=2643,`created_at`='2015-08-12 13:33:20',`updated_at`='2015-08-20 09:04:53',`deleted_at`=NULL,`materialorder_id`=655,`materialcategory_id`=1,`unit_id`=1,`arrivaldate`='2016-07-10' WHERE `id`=2643
     SELECT moe.*, ot.number AS ot_number, ot.equipment_id AS tag_id,            e.name AS tag, ott.name AS ottask     FROM materialorderelement moe     INNER JOIN materialorder mo ON  moe.materialorder_id = mo.id     LEFT JOIN ot ON mo.ot_id = ot.id     LEFT JOIN equipment e ON ot.equipment_id = e.id     LEFT JOIN ottask ott ON mo.ottask_id = ott.id     WHERE mo.deleted_at IS NULL AND mo.history IS NULL and mo.provider = 'Coopertei'    ORDER BY mo.date DESC     
{ arrivaldate: '' }
Executing: SELECT * FROM `materialorderelement` WHERE `id`='2641' LIMIT 1;
Executing: UPDATE `materialorderelement` SET `name`='6219 ZZ',`quantity`=1,`arrived`=true,`id`=2641,`created_at`='2015-08-12 13:33:20',`updated_at`='2015-08-20 09:04:32',`deleted_at`=NULL,`materialorder_id`=655,`materialcategory_id`=1,`unit_id`=1,`arrivaldate`='NaN-NaN-NaN' WHERE `id`=2641
     SELECT moe.*, ot.number AS ot_number, ot.equipment_id AS tag_id,            e.name AS tag, ott.name AS ottask     FROM materialorderelement moe     INNER JOIN materialorder mo ON  moe.materialorder_id = mo.id     LEFT JOIN ot ON mo.ot_id = ot.id     LEFT JOIN equipment e ON ot.equipment_id = e.id     LEFT JOIN ottask ott ON mo.ottask_id = ott.id     WHERE mo.deleted_at IS NULL AND mo.history IS NULL and mo.provider = 'Coopertei'    ORDER BY mo.date DESC     
{ arrivaldate: '29/07/2016' }
Executing: SELECT * FROM `materialorderelement` WHERE `id`='2641' LIMIT 1;
Executing: UPDATE `materialorderelement` SET `name`='6219 ZZ',`quantity`=1,`arrived`=true,`id`=2641,`created_at`='2015-08-12 13:33:20',`updated_at`='2015-08-20 09:04:32',`deleted_at`=NULL,`materialorder_id`=655,`materialcategory_id`=1,`unit_id`=1,`arrivaldate`='NaN-NaN-NaN' WHERE `id`=2641
     SELECT moe.*, ot.number AS ot_number, ot.equipment_id AS tag_id,            e.name AS tag, ott.name AS ottask     FROM materialorderelement moe     INNER JOIN materialorder mo ON  moe.materialorder_id = mo.id     LEFT JOIN ot ON mo.ot_id = ot.id     LEFT JOIN equipment e ON ot.equipment_id = e.id     LEFT JOIN ottask ott ON mo.ottask_id = ott.id     WHERE mo.deleted_at IS NULL AND mo.history IS NULL and mo.provider = 'Coopertei'    ORDER BY mo.date DESC     
{ arrivaldate: '14/07/2016' }
Executing: SELECT * FROM `materialorderelement` WHERE `id`='2641' LIMIT 1;
Executing: UPDATE `materialorderelement` SET `name`='6219 ZZ',`quantity`=1,`arrived`=true,`id`=2641,`created_at`='2015-08-12 13:33:20',`updated_at`='2015-08-20 09:04:32',`deleted_at`=NULL,`materialorder_id`=655,`materialcategory_id`=1,`unit_id`=1,`arrivaldate`='NaN-NaN-NaN' WHERE `id`=2641
     SELECT moe.*, ot.number AS ot_number, ot.equipment_id AS tag_id,            e.name AS tag, ott.name AS ottask     FROM materialorderelement moe     INNER JOIN materialorder mo ON  moe.materialorder_id = mo.id     LEFT JOIN ot ON mo.ot_id = ot.id     LEFT JOIN equipment e ON ot.equipment_id = e.id     LEFT JOIN ottask ott ON mo.ottask_id = ott.id     WHERE mo.deleted_at IS NULL AND mo.history IS NULL and mo.provider = 'Coopertei'    ORDER BY mo.date DESC     
{ arrivaldate: '01/07/2016' }
Executing: SELECT * FROM `materialorderelement` WHERE `id`='2641' LIMIT 1;
Executing: UPDATE `materialorderelement` SET `name`='6219 ZZ',`quantity`=1,`arrived`=true,`id`=2641,`created_at`='2015-08-12 13:33:20',`updated_at`='2015-08-20 09:04:32',`deleted_at`=NULL,`materialorder_id`=655,`materialcategory_id`=1,`unit_id`=1,`arrivaldate`='2016-07-01' WHERE `id`=2641
     SELECT moe.*, ot.number AS ot_number, ot.equipment_id AS tag_id,            e.name AS tag, ott.name AS ottask     FROM materialorderelement moe     INNER JOIN materialorder mo ON  moe.materialorder_id = mo.id     LEFT JOIN ot ON mo.ot_id = ot.id     LEFT JOIN equipment e ON ot.equipment_id = e.id     LEFT JOIN ottask ott ON mo.ottask_id = ott.id     WHERE mo.deleted_at IS NULL AND mo.history IS NULL and mo.provider = 'Coopertei'    ORDER BY mo.date DESC     
{ arrivaldate: '29/07/2016' }
Executing: SELECT * FROM `materialorderelement` WHERE `id`='1648' LIMIT 1;
Executing: UPDATE `materialorderelement` SET `name`='6312 C3',`quantity`=2,`arrived`=NULL,`id`=1648,`created_at`='2015-03-20 14:42:40',`updated_at`='2015-03-20 14:42:40',`deleted_at`=NULL,`materialorder_id`=509,`materialcategory_id`=1,`unit_id`=1,`arrivaldate`='NaN-NaN-NaN' WHERE `id`=1648
     SELECT moe.*, ot.number AS ot_number, ot.equipment_id AS tag_id,            e.name AS tag, ott.name AS ottask     FROM materialorderelement moe     INNER JOIN materialorder mo ON  moe.materialorder_id = mo.id     LEFT JOIN ot ON mo.ot_id = ot.id     LEFT JOIN equipment e ON ot.equipment_id = e.id     LEFT JOIN ottask ott ON mo.ottask_id = ott.id     WHERE mo.deleted_at IS NULL AND mo.history IS NULL and mo.provider = 'Coopertei'    ORDER BY mo.date DESC     
{ arrivaldate: '' }
Executing: SELECT * FROM `materialorderelement` WHERE `id`='1649' LIMIT 1;
Executing: UPDATE `materialorderelement` SET `name`='SAV 6512',`quantity`=2,`arrived`=NULL,`id`=1649,`created_at`='2015-03-20 14:42:40',`updated_at`='2015-03-20 14:42:40',`deleted_at`=NULL,`materialorder_id`=509,`materialcategory_id`=12,`unit_id`=1,`arrivaldate`='NaN-NaN-NaN' WHERE `id`=1649
     SELECT moe.*, ot.number AS ot_number, ot.equipment_id AS tag_id,            e.name AS tag, ott.name AS ottask     FROM materialorderelement moe     INNER JOIN materialorder mo ON  moe.materialorder_id = mo.id     LEFT JOIN ot ON mo.ot_id = ot.id     LEFT JOIN equipment e ON ot.equipment_id = e.id     LEFT JOIN ottask ott ON mo.ottask_id = ott.id     WHERE mo.deleted_at IS NULL AND mo.history IS NULL and mo.provider = 'Coopertei'    ORDER BY mo.date DESC     
{ arrivaldate: '07/07/2016' }
Executing: SELECT * FROM `materialorderelement` WHERE `id`='1650' LIMIT 1;
Executing: UPDATE `materialorderelement` SET `name`='SAV 7518',`quantity`=3,`arrived`=NULL,`id`=1650,`created_at`='2015-03-20 14:42:40',`updated_at`='2015-03-20 14:42:40',`deleted_at`=NULL,`materialorder_id`=509,`materialcategory_id`=12,`unit_id`=1,`arrivaldate`='2016-07-07' WHERE `id`=1650
     SELECT moe.*, ot.number AS ot_number, ot.equipment_id AS tag_id,            e.name AS tag, ott.name AS ottask     FROM materialorderelement moe     INNER JOIN materialorder mo ON  moe.materialorder_id = mo.id     LEFT JOIN ot ON mo.ot_id = ot.id     LEFT JOIN equipment e ON ot.equipment_id = e.id     LEFT JOIN ottask ott ON mo.ottask_id = ott.id     WHERE mo.deleted_at IS NULL AND mo.history IS NULL and mo.provider = 'Coopertei'    ORDER BY mo.date DESC     
{ arrivaldate: '07/08/2016' }
Executing: SELECT * FROM `materialorderelement` WHERE `id`='2891' LIMIT 1;
Executing: UPDATE `materialorderelement` SET `name`='SAV 7629',`quantity`=2,`arrived`=NULL,`id`=2891,`created_at`='2015-09-04 12:36:17',`updated_at`='2015-09-04 12:36:17',`deleted_at`=NULL,`materialorder_id`=688,`materialcategory_id`=12,`unit_id`=1,`arrivaldate`='2016-08-07' WHERE `id`=2891
     SELECT moe.*, ot.number AS ot_number, ot.equipment_id AS tag_id,            e.name AS tag, ott.name AS ottask     FROM materialorderelement moe     INNER JOIN materialorder mo ON  moe.materialorder_id = mo.id     LEFT JOIN ot ON mo.ot_id = ot.id     LEFT JOIN equipment e ON ot.equipment_id = e.id     LEFT JOIN ottask ott ON mo.ottask_id = ott.id     WHERE mo.deleted_at IS NULL AND mo.history IS NULL and mo.provider = 'Coopertei'    ORDER BY mo.date DESC     
{ arrivaldate: '30/4/16' }
Executing: SELECT * FROM `materialorderelement` WHERE `id`='1564' LIMIT 1;
Executing: UPDATE `materialorderelement` SET `name`='',`quantity`=2,`arrived`=NULL,`id`=1564,`created_at`='2015-03-12 12:25:44',`updated_at`='2015-03-12 12:25:44',`deleted_at`=NULL,`materialorder_id`=494,`materialcategory_id`=12,`unit_id`=1,`arrivaldate`='NaN-NaN-NaN' WHERE `id`=1564
     SELECT moe.*, ot.number AS ot_number, ot.equipment_id AS tag_id,            e.name AS tag, ott.name AS ottask     FROM materialorderelement moe     INNER JOIN materialorder mo ON  moe.materialorder_id = mo.id     LEFT JOIN ot ON mo.ot_id = ot.id     LEFT JOIN equipment e ON ot.equipment_id = e.id     LEFT JOIN ottask ott ON mo.ottask_id = ott.id     WHERE mo.deleted_at IS NULL AND mo.history IS NULL and mo.provider = 'Coopertei'    ORDER BY mo.date DESC     
     SELECT moe.*, ot.number AS ot_number, ot.equipment_id AS tag_id,            e.name AS tag, ott.name AS ottask     FROM materialorderelement moe     INNER JOIN materialorder mo ON  moe.materialorder_id = mo.id     LEFT JOIN ot ON mo.ot_id = ot.id     LEFT JOIN equipment e ON ot.equipment_id = e.id     LEFT JOIN ottask ott ON mo.ottask_id = ott.id     WHERE mo.deleted_at IS NULL AND mo.history IS NULL and mo.provider = 'Coopertei'    ORDER BY mo.date DESC     
{ arrivaldate: '31/06/2016' }
Executing: SELECT * FROM `materialorderelement` WHERE `id`='1563' LIMIT 1;
Executing: UPDATE `materialorderelement` SET `name`='6311 C3',`quantity`=2,`arrived`=NULL,`id`=1563,`created_at`='2015-03-12 12:25:44',`updated_at`='2015-03-12 12:25:44',`deleted_at`=NULL,`materialorder_id`=494,`materialcategory_id`=1,`unit_id`=1,`arrivaldate`='NaN-NaN-NaN' WHERE `id`=1563
     SELECT moe.*, ot.number AS ot_number, ot.equipment_id AS tag_id,            e.name AS tag, ott.name AS ottask     FROM materialorderelement moe     INNER JOIN materialorder mo ON  moe.materialorder_id = mo.id     LEFT JOIN ot ON mo.ot_id = ot.id     LEFT JOIN equipment e ON ot.equipment_id = e.id     LEFT JOIN ottask ott ON mo.ottask_id = ott.id     WHERE mo.deleted_at IS NULL AND mo.history IS NULL and mo.provider = 'Coopertei'    ORDER BY mo.date DESC     
